<?xml version="1.0" encoding="UTF-8"?>
<testsuite xmlns:xsi="http://www.w3.org/2001/XMLSchema-instance" xsi:noNamespaceSchemaLocation="https://maven.apache.org/surefire/maven-surefire-plugin/xsd/surefire-test-report.xsd" name="com.inco.xtgl.IncoXtglApplicationTests" time="0.053" tests="3" errors="3" skipped="0" failures="0">
  <properties>
    <property name="sun.desktop" value="windows"/>
    <property name="awt.toolkit" value="sun.awt.windows.WToolkit"/>
    <property name="file.encoding.pkg" value="sun.io"/>
    <property name="java.specification.version" value="1.8"/>
    <property name="sun.cpu.isalist" value="amd64"/>
    <property name="sun.jnu.encoding" value="GBK"/>
    <property name="java.class.path" value="D:\idea工作空间\inco-xtgl\target\test-classes;D:\idea工作空间\inco-xtgl\target\classes;D:\mavenku\com\inco\pub\0.0.1-SNAPSHOT\pub-0.0.1-SNAPSHOT.jar;D:\mavenku\org\springframework\cloud\spring-cloud-starter-netflix-eureka-server\2.0.2.RELEASE\spring-cloud-starter-netflix-eureka-server-2.0.2.RELEASE.jar;D:\mavenku\org\springframework\cloud\spring-cloud-netflix-eureka-server\2.0.2.RELEASE\spring-cloud-netflix-eureka-server-2.0.2.RELEASE.jar;D:\mavenku\com\sun\jersey\jersey-servlet\1.19.1\jersey-servlet-1.19.1.jar;D:\mavenku\com\sun\jersey\jersey-server\1.19.1\jersey-server-1.19.1.jar;D:\mavenku\javax\inject\javax.inject\1\javax.inject-1.jar;D:\mavenku\com\netflix\ribbon\ribbon-eureka\2.2.5\ribbon-eureka-2.2.5.jar;D:\mavenku\org\springframework\cloud\spring-cloud-starter-netflix-eureka-client\2.0.2.RELEASE\spring-cloud-starter-netflix-eureka-client-2.0.2.RELEASE.jar;D:\mavenku\org\springframework\cloud\spring-cloud-netflix-eureka-client\2.0.2.RELEASE\spring-cloud-netflix-eureka-client-2.0.2.RELEASE.jar;D:\mavenku\com\netflix\eureka\eureka-client\1.9.3\eureka-client-1.9.3.jar;D:\mavenku\org\codehaus\jettison\jettison\1.3.7\jettison-1.3.7.jar;D:\mavenku\stax\stax-api\1.0.1\stax-api-1.0.1.jar;D:\mavenku\com\netflix\netflix-commons\netflix-eventbus\0.3.0\netflix-eventbus-0.3.0.jar;D:\mavenku\com\netflix\netflix-commons\netflix-infix\0.3.0\netflix-infix-0.3.0.jar;D:\mavenku\commons-jxpath\commons-jxpath\1.3\commons-jxpath-1.3.jar;D:\mavenku\joda-time\joda-time\2.9.9\joda-time-2.9.9.jar;D:\mavenku\org\antlr\antlr-runtime\3.4\antlr-runtime-3.4.jar;D:\mavenku\org\antlr\stringtemplate\3.2.1\stringtemplate-3.2.1.jar;D:\mavenku\antlr\antlr\2.7.7\antlr-2.7.7.jar;D:\mavenku\com\google\code\gson\gson\2.8.5\gson-2.8.5.jar;D:\mavenku\org\apache\commons\commons-math\2.2\commons-math-2.2.jar;D:\mavenku\javax\ws\rs\jsr311-api\1.1.1\jsr311-api-1.1.1.jar;D:\mavenku\com\netflix\servo\servo-core\0.12.21\servo-core-0.12.21.jar;D:\mavenku\com\sun\jersey\jersey-core\1.19.1\jersey-core-1.19.1.jar;D:\mavenku\com\sun\jersey\jersey-client\1.19.1\jersey-client-1.19.1.jar;D:\mavenku\com\sun\jersey\contribs\jersey-apache-client4\1.19.1\jersey-apache-client4-1.19.1.jar;D:\mavenku\com\google\inject\guice\4.1.0\guice-4.1.0.jar;D:\mavenku\aopalliance\aopalliance\1.0\aopalliance-1.0.jar;D:\mavenku\com\github\vlsi\compactmap\compactmap\1.2.1\compactmap-1.2.1.jar;D:\mavenku\com\github\andrewoma\dexx\dexx-collections\0.2\dexx-collections-0.2.jar;D:\mavenku\com\netflix\eureka\eureka-core\1.9.3\eureka-core-1.9.3.jar;D:\mavenku\org\codehaus\woodstox\woodstox-core-asl\4.4.1\woodstox-core-asl-4.4.1.jar;D:\mavenku\javax\xml\stream\stax-api\1.0-2\stax-api-1.0-2.jar;D:\mavenku\com\thoughtworks\xstream\xstream\1.4.10\xstream-1.4.10.jar;D:\mavenku\xmlpull\xmlpull\1.1.3.1\xmlpull-1.1.3.1.jar;D:\mavenku\xpp3\xpp3_min\1.1.4c\xpp3_min-1.1.4c.jar;D:\mavenku\org\springframework\cloud\spring-cloud-starter-netflix-turbine\2.0.2.RELEASE\spring-cloud-starter-netflix-turbine-2.0.2.RELEASE.jar;D:\mavenku\org\springframework\cloud\spring-cloud-netflix-turbine\2.0.2.RELEASE\spring-cloud-netflix-turbine-2.0.2.RELEASE.jar;D:\mavenku\com\netflix\turbine\turbine-core\1.0.0\turbine-core-1.0.0.jar;D:\mavenku\org\codehaus\jackson\jackson-mapper-asl\1.9.2\jackson-mapper-asl-1.9.2.jar;D:\mavenku\commons-io\commons-io\2.4\commons-io-2.4.jar;D:\mavenku\org\codehaus\jackson\jackson-core-asl\1.9.2\jackson-core-asl-1.9.2.jar;D:\mavenku\org\projectlombok\lombok\1.16.22\lombok-1.16.22.jar;D:\mavenku\org\springframework\boot\spring-boot-starter-test\2.0.6.RELEASE\spring-boot-starter-test-2.0.6.RELEASE.jar;D:\mavenku\org\springframework\boot\spring-boot-starter\2.0.6.RELEASE\spring-boot-starter-2.0.6.RELEASE.jar;D:\mavenku\org\springframework\boot\spring-boot\2.0.6.RELEASE\spring-boot-2.0.6.RELEASE.jar;D:\mavenku\org\springframework\boot\spring-boot-autoconfigure\2.0.6.RELEASE\spring-boot-autoconfigure-2.0.6.RELEASE.jar;D:\mavenku\org\springframework\boot\spring-boot-starter-logging\2.0.6.RELEASE\spring-boot-starter-logging-2.0.6.RELEASE.jar;D:\mavenku\ch\qos\logback\logback-classic\1.2.3\logback-classic-1.2.3.jar;D:\mavenku\ch\qos\logback\logback-core\1.2.3\logback-core-1.2.3.jar;D:\mavenku\org\apache\logging\log4j\log4j-to-slf4j\2.10.0\log4j-to-slf4j-2.10.0.jar;D:\mavenku\org\apache\logging\log4j\log4j-api\2.10.0\log4j-api-2.10.0.jar;D:\mavenku\org\slf4j\jul-to-slf4j\1.7.25\jul-to-slf4j-1.7.25.jar;D:\mavenku\javax\annotation\javax.annotation-api\1.3.2\javax.annotation-api-1.3.2.jar;D:\mavenku\org\yaml\snakeyaml\1.19\snakeyaml-1.19.jar;D:\mavenku\org\springframework\boot\spring-boot-test\2.0.6.RELEASE\spring-boot-test-2.0.6.RELEASE.jar;D:\mavenku\org\springframework\boot\spring-boot-test-autoconfigure\2.0.6.RELEASE\spring-boot-test-autoconfigure-2.0.6.RELEASE.jar;D:\mavenku\com\jayway\jsonpath\json-path\2.4.0\json-path-2.4.0.jar;D:\mavenku\net\minidev\json-smart\2.3\json-smart-2.3.jar;D:\mavenku\net\minidev\accessors-smart\1.2\accessors-smart-1.2.jar;D:\mavenku\org\slf4j\slf4j-api\1.7.25\slf4j-api-1.7.25.jar;D:\mavenku\junit\junit\4.12\junit-4.12.jar;D:\mavenku\org\assertj\assertj-core\3.9.1\assertj-core-3.9.1.jar;D:\mavenku\org\mockito\mockito-core\2.15.0\mockito-core-2.15.0.jar;D:\mavenku\net\bytebuddy\byte-buddy\1.7.11\byte-buddy-1.7.11.jar;D:\mavenku\net\bytebuddy\byte-buddy-agent\1.7.11\byte-buddy-agent-1.7.11.jar;D:\mavenku\org\objenesis\objenesis\2.6\objenesis-2.6.jar;D:\mavenku\org\hamcrest\hamcrest-core\1.3\hamcrest-core-1.3.jar;D:\mavenku\org\hamcrest\hamcrest-library\1.3\hamcrest-library-1.3.jar;D:\mavenku\org\skyscreamer\jsonassert\1.5.0\jsonassert-1.5.0.jar;D:\mavenku\com\vaadin\external\google\android-json\0.0.20131108.vaadin1\android-json-0.0.20131108.vaadin1.jar;D:\mavenku\org\springframework\spring-core\5.0.10.RELEASE\spring-core-5.0.10.RELEASE.jar;D:\mavenku\org\springframework\spring-jcl\5.0.10.RELEASE\spring-jcl-5.0.10.RELEASE.jar;D:\mavenku\org\springframework\spring-test\5.0.10.RELEASE\spring-test-5.0.10.RELEASE.jar;D:\mavenku\org\xmlunit\xmlunit-core\2.5.1\xmlunit-core-2.5.1.jar;D:\mavenku\com\alibaba\cloud\spring-cloud-starter-alibaba-nacos-discovery\2.0.4.RELEASE\spring-cloud-starter-alibaba-nacos-discovery-2.0.4.RELEASE.jar;D:\mavenku\com\alibaba\cloud\spring-cloud-alibaba-commons\2.0.4.RELEASE\spring-cloud-alibaba-commons-2.0.4.RELEASE.jar;D:\mavenku\org\springframework\spring-context\5.0.10.RELEASE\spring-context-5.0.10.RELEASE.jar;D:\mavenku\org\springframework\spring-aop\5.0.10.RELEASE\spring-aop-5.0.10.RELEASE.jar;D:\mavenku\org\springframework\spring-beans\5.0.10.RELEASE\spring-beans-5.0.10.RELEASE.jar;D:\mavenku\org\springframework\spring-expression\5.0.10.RELEASE\spring-expression-5.0.10.RELEASE.jar;D:\mavenku\com\alibaba\nacos\nacos-client\1.3.3\nacos-client-1.3.3.jar;D:\mavenku\com\alibaba\nacos\nacos-common\1.3.3\nacos-common-1.3.3.jar;D:\mavenku\org\apache\httpcomponents\httpasyncclient\4.1.4\httpasyncclient-4.1.4.jar;D:\mavenku\org\apache\httpcomponents\httpcore-nio\4.4.10\httpcore-nio-4.4.10.jar;D:\mavenku\com\alibaba\nacos\nacos-api\1.3.3\nacos-api-1.3.3.jar;D:\mavenku\com\google\guava\guava\24.1.1-jre\guava-24.1.1-jre.jar;D:\mavenku\com\google\code\findbugs\jsr305\1.3.9\jsr305-1.3.9.jar;D:\mavenku\org\checkerframework\checker-compat-qual\2.0.0\checker-compat-qual-2.0.0.jar;D:\mavenku\com\google\errorprone\error_prone_annotations\2.1.3\error_prone_annotations-2.1.3.jar;D:\mavenku\com\google\j2objc\j2objc-annotations\1.1\j2objc-annotations-1.1.jar;D:\mavenku\org\codehaus\mojo\animal-sniffer-annotations\1.14\animal-sniffer-annotations-1.14.jar;D:\mavenku\commons-codec\commons-codec\1.11\commons-codec-1.11.jar;D:\mavenku\com\fasterxml\jackson\core\jackson-core\2.9.7\jackson-core-2.9.7.jar;D:\mavenku\com\fasterxml\jackson\core\jackson-databind\2.9.7\jackson-databind-2.9.7.jar;D:\mavenku\io\prometheus\simpleclient\0.5.0\simpleclient-0.5.0.jar;D:\mavenku\com\alibaba\spring\spring-context-support\1.0.10\spring-context-support-1.0.10.jar;D:\mavenku\org\springframework\cloud\spring-cloud-commons\2.0.2.RELEASE\spring-cloud-commons-2.0.2.RELEASE.jar;D:\mavenku\org\springframework\security\spring-security-crypto\5.0.9.RELEASE\spring-security-crypto-5.0.9.RELEASE.jar;D:\mavenku\org\springframework\cloud\spring-cloud-context\2.0.2.RELEASE\spring-cloud-context-2.0.2.RELEASE.jar;D:\mavenku\org\springframework\cloud\spring-cloud-starter-netflix-ribbon\2.0.2.RELEASE\spring-cloud-starter-netflix-ribbon-2.0.2.RELEASE.jar;D:\mavenku\com\netflix\ribbon\ribbon\2.2.5\ribbon-2.2.5.jar;D:\mavenku\com\netflix\ribbon\ribbon-transport\2.2.5\ribbon-transport-2.2.5.jar;D:\mavenku\io\reactivex\rxnetty-contexts\0.4.9\rxnetty-contexts-0.4.9.jar;D:\mavenku\io\reactivex\rxnetty-servo\0.4.9\rxnetty-servo-0.4.9.jar;D:\mavenku\io\reactivex\rxnetty\0.4.9\rxnetty-0.4.9.jar;D:\mavenku\com\netflix\ribbon\ribbon-core\2.2.5\ribbon-core-2.2.5.jar;D:\mavenku\commons-lang\commons-lang\2.6\commons-lang-2.6.jar;D:\mavenku\com\netflix\ribbon\ribbon-httpclient\2.2.5\ribbon-httpclient-2.2.5.jar;D:\mavenku\commons-collections\commons-collections\3.2.2\commons-collections-3.2.2.jar;D:\mavenku\com\netflix\netflix-commons\netflix-commons-util\0.3.0\netflix-commons-util-0.3.0.jar;D:\mavenku\com\netflix\ribbon\ribbon-loadbalancer\2.2.5\ribbon-loadbalancer-2.2.5.jar;D:\mavenku\com\netflix\netflix-commons\netflix-statistics\0.1.1\netflix-statistics-0.1.1.jar;D:\mavenku\io\reactivex\rxjava\1.3.8\rxjava-1.3.8.jar;D:\mavenku\org\junit\jupiter\junit-jupiter\5.5.2\junit-jupiter-5.5.2.jar;D:\mavenku\org\junit\jupiter\junit-jupiter-api\5.1.1\junit-jupiter-api-5.1.1.jar;D:\mavenku\org\apiguardian\apiguardian-api\1.0.0\apiguardian-api-1.0.0.jar;D:\mavenku\org\opentest4j\opentest4j\1.0.0\opentest4j-1.0.0.jar;D:\mavenku\org\junit\platform\junit-platform-commons\1.1.1\junit-platform-commons-1.1.1.jar;D:\mavenku\org\junit\jupiter\junit-jupiter-params\5.1.1\junit-jupiter-params-5.1.1.jar;D:\mavenku\org\junit\jupiter\junit-jupiter-engine\5.1.1\junit-jupiter-engine-5.1.1.jar;D:\mavenku\org\junit\platform\junit-platform-engine\1.1.1\junit-platform-engine-1.1.1.jar;D:\mavenku\org\mockito\mockito-junit-jupiter\3.1.0\mockito-junit-jupiter-3.1.0.jar;D:\mavenku\com\alibaba\cloud\spring-cloud-starter-alibaba-nacos-config\2.0.4.RELEASE\spring-cloud-starter-alibaba-nacos-config-2.0.4.RELEASE.jar;D:\mavenku\com\alibaba\cloud\spring-cloud-starter-alibaba-sentinel\2.0.4.RELEASE\spring-cloud-starter-alibaba-sentinel-2.0.4.RELEASE.jar;D:\mavenku\com\alibaba\csp\sentinel-transport-simple-http\1.8.0\sentinel-transport-simple-http-1.8.0.jar;D:\mavenku\com\alibaba\csp\sentinel-transport-common\1.8.0\sentinel-transport-common-1.8.0.jar;D:\mavenku\com\alibaba\fastjson\1.2.71\fastjson-1.2.71.jar;D:\mavenku\com\alibaba\csp\sentinel-annotation-aspectj\1.8.0\sentinel-annotation-aspectj-1.8.0.jar;D:\mavenku\com\alibaba\csp\sentinel-core\1.8.0\sentinel-core-1.8.0.jar;D:\mavenku\org\aspectj\aspectjrt\1.8.13\aspectjrt-1.8.13.jar;D:\mavenku\org\aspectj\aspectjweaver\1.8.13\aspectjweaver-1.8.13.jar;D:\mavenku\com\alibaba\csp\sentinel-spring-webflux-adapter\1.8.0\sentinel-spring-webflux-adapter-1.8.0.jar;D:\mavenku\com\alibaba\csp\sentinel-reactor-adapter\1.8.0\sentinel-reactor-adapter-1.8.0.jar;D:\mavenku\com\alibaba\csp\sentinel-spring-webmvc-adapter\1.8.0\sentinel-spring-webmvc-adapter-1.8.0.jar;D:\mavenku\com\alibaba\csp\sentinel-parameter-flow-control\1.8.0\sentinel-parameter-flow-control-1.8.0.jar;D:\mavenku\com\googlecode\concurrentlinkedhashmap\concurrentlinkedhashmap-lru\1.4.2\concurrentlinkedhashmap-lru-1.4.2.jar;D:\mavenku\com\alibaba\csp\sentinel-cluster-server-default\1.8.0\sentinel-cluster-server-default-1.8.0.jar;D:\mavenku\com\alibaba\csp\sentinel-cluster-common-default\1.8.0\sentinel-cluster-common-default-1.8.0.jar;D:\mavenku\io\netty\netty-handler\4.1.29.Final\netty-handler-4.1.29.Final.jar;D:\mavenku\io\netty\netty-buffer\4.1.29.Final\netty-buffer-4.1.29.Final.jar;D:\mavenku\io\netty\netty-codec\4.1.29.Final\netty-codec-4.1.29.Final.jar;D:\mavenku\com\alibaba\csp\sentinel-cluster-client-default\1.8.0\sentinel-cluster-client-default-1.8.0.jar;D:\mavenku\com\alibaba\cloud\spring-cloud-alibaba-sentinel-datasource\2.0.4.RELEASE\spring-cloud-alibaba-sentinel-datasource-2.0.4.RELEASE.jar;D:\mavenku\com\fasterxml\jackson\dataformat\jackson-dataformat-xml\2.9.7\jackson-dataformat-xml-2.9.7.jar;D:\mavenku\com\fasterxml\jackson\core\jackson-annotations\2.9.0\jackson-annotations-2.9.0.jar;D:\mavenku\com\fasterxml\jackson\module\jackson-module-jaxb-annotations\2.9.7\jackson-module-jaxb-annotations-2.9.7.jar;D:\mavenku\org\codehaus\woodstox\stax2-api\3.1.4\stax2-api-3.1.4.jar;D:\mavenku\com\fasterxml\woodstox\woodstox-core\5.0.3\woodstox-core-5.0.3.jar;D:\mavenku\com\alibaba\csp\sentinel-datasource-nacos\1.8.0\sentinel-datasource-nacos-1.8.0.jar;D:\mavenku\com\alibaba\csp\sentinel-datasource-extension\1.8.0\sentinel-datasource-extension-1.8.0.jar;D:\mavenku\org\springframework\boot\spring-boot-starter-actuator\2.0.6.RELEASE\spring-boot-starter-actuator-2.0.6.RELEASE.jar;D:\mavenku\org\springframework\boot\spring-boot-actuator-autoconfigure\2.0.6.RELEASE\spring-boot-actuator-autoconfigure-2.0.6.RELEASE.jar;D:\mavenku\org\springframework\boot\spring-boot-actuator\2.0.6.RELEASE\spring-boot-actuator-2.0.6.RELEASE.jar;D:\mavenku\com\fasterxml\jackson\datatype\jackson-datatype-jsr310\2.9.7\jackson-datatype-jsr310-2.9.7.jar;D:\mavenku\io\micrometer\micrometer-core\1.0.7\micrometer-core-1.0.7.jar;D:\mavenku\org\hdrhistogram\HdrHistogram\2.1.10\HdrHistogram-2.1.10.jar;D:\mavenku\org\latencyutils\LatencyUtils\2.0.3\LatencyUtils-2.0.3.jar;D:\mavenku\org\springframework\cloud\spring-cloud-starter-openfeign\2.0.2.RELEASE\spring-cloud-starter-openfeign-2.0.2.RELEASE.jar;D:\mavenku\org\springframework\cloud\spring-cloud-starter\2.0.2.RELEASE\spring-cloud-starter-2.0.2.RELEASE.jar;D:\mavenku\org\springframework\security\spring-security-rsa\1.0.7.RELEASE\spring-security-rsa-1.0.7.RELEASE.jar;D:\mavenku\org\bouncycastle\bcpkix-jdk15on\1.60\bcpkix-jdk15on-1.60.jar;D:\mavenku\org\bouncycastle\bcprov-jdk15on\1.60\bcprov-jdk15on-1.60.jar;D:\mavenku\org\springframework\cloud\spring-cloud-openfeign-core\2.0.2.RELEASE\spring-cloud-openfeign-core-2.0.2.RELEASE.jar;D:\mavenku\org\springframework\boot\spring-boot-starter-aop\2.0.6.RELEASE\spring-boot-starter-aop-2.0.6.RELEASE.jar;D:\mavenku\io\github\openfeign\form\feign-form-spring\3.3.0\feign-form-spring-3.3.0.jar;D:\mavenku\io\github\openfeign\form\feign-form\3.3.0\feign-form-3.3.0.jar;D:\mavenku\com\google\code\findbugs\annotations\3.0.1\annotations-3.0.1.jar;D:\mavenku\net\jcip\jcip-annotations\1.0\jcip-annotations-1.0.jar;D:\mavenku\commons-fileupload\commons-fileupload\1.3.3\commons-fileupload-1.3.3.jar;D:\mavenku\org\springframework\spring-web\5.0.10.RELEASE\spring-web-5.0.10.RELEASE.jar;D:\mavenku\io\github\openfeign\feign-core\9.7.0\feign-core-9.7.0.jar;D:\mavenku\io\github\openfeign\feign-slf4j\9.7.0\feign-slf4j-9.7.0.jar;D:\mavenku\io\github\openfeign\feign-hystrix\9.7.0\feign-hystrix-9.7.0.jar;D:\mavenku\com\netflix\archaius\archaius-core\0.7.6\archaius-core-0.7.6.jar;D:\mavenku\io\github\openfeign\feign-java8\9.7.0\feign-java8-9.7.0.jar;D:\mavenku\org\springframework\cloud\spring-cloud-starter-netflix-hystrix\2.0.2.RELEASE\spring-cloud-starter-netflix-hystrix-2.0.2.RELEASE.jar;D:\mavenku\org\springframework\cloud\spring-cloud-netflix-core\2.0.2.RELEASE\spring-cloud-netflix-core-2.0.2.RELEASE.jar;D:\mavenku\org\springframework\cloud\spring-cloud-netflix-ribbon\2.0.2.RELEASE\spring-cloud-netflix-ribbon-2.0.2.RELEASE.jar;D:\mavenku\org\springframework\cloud\spring-cloud-netflix-archaius\2.0.2.RELEASE\spring-cloud-netflix-archaius-2.0.2.RELEASE.jar;D:\mavenku\org\springframework\cloud\spring-cloud-starter-netflix-archaius\2.0.2.RELEASE\spring-cloud-starter-netflix-archaius-2.0.2.RELEASE.jar;D:\mavenku\commons-configuration\commons-configuration\1.8\commons-configuration-1.8.jar;D:\mavenku\com\netflix\hystrix\hystrix-core\1.5.12\hystrix-core-1.5.12.jar;D:\mavenku\com\netflix\hystrix\hystrix-serialization\1.5.12\hystrix-serialization-1.5.12.jar;D:\mavenku\com\fasterxml\jackson\module\jackson-module-afterburner\2.9.7\jackson-module-afterburner-2.9.7.jar;D:\mavenku\com\netflix\hystrix\hystrix-metrics-event-stream\1.5.12\hystrix-metrics-event-stream-1.5.12.jar;D:\mavenku\com\netflix\hystrix\hystrix-javanica\1.5.12\hystrix-javanica-1.5.12.jar;D:\mavenku\org\apache\commons\commons-lang3\3.7\commons-lang3-3.7.jar;D:\mavenku\org\ow2\asm\asm\5.0.4\asm-5.0.4.jar;D:\mavenku\io\reactivex\rxjava-reactive-streams\1.2.1\rxjava-reactive-streams-1.2.1.jar;D:\mavenku\org\reactivestreams\reactive-streams\1.0.2\reactive-streams-1.0.2.jar;D:\mavenku\org\springframework\cloud\spring-cloud-starter-netflix-hystrix-dashboard\2.0.2.RELEASE\spring-cloud-starter-netflix-hystrix-dashboard-2.0.2.RELEASE.jar;D:\mavenku\org\springframework\boot\spring-boot-starter-web\2.0.6.RELEASE\spring-boot-starter-web-2.0.6.RELEASE.jar;D:\mavenku\org\springframework\boot\spring-boot-starter-json\2.0.6.RELEASE\spring-boot-starter-json-2.0.6.RELEASE.jar;D:\mavenku\com\fasterxml\jackson\datatype\jackson-datatype-jdk8\2.9.7\jackson-datatype-jdk8-2.9.7.jar;D:\mavenku\com\fasterxml\jackson\module\jackson-module-parameter-names\2.9.7\jackson-module-parameter-names-2.9.7.jar;D:\mavenku\org\springframework\boot\spring-boot-starter-tomcat\2.0.6.RELEASE\spring-boot-starter-tomcat-2.0.6.RELEASE.jar;D:\mavenku\org\apache\tomcat\embed\tomcat-embed-core\8.5.34\tomcat-embed-core-8.5.34.jar;D:\mavenku\org\apache\tomcat\embed\tomcat-embed-el\8.5.34\tomcat-embed-el-8.5.34.jar;D:\mavenku\org\apache\tomcat\embed\tomcat-embed-websocket\8.5.34\tomcat-embed-websocket-8.5.34.jar;D:\mavenku\org\hibernate\validator\hibernate-validator\6.0.13.Final\hibernate-validator-6.0.13.Final.jar;D:\mavenku\javax\validation\validation-api\2.0.1.Final\validation-api-2.0.1.Final.jar;D:\mavenku\org\jboss\logging\jboss-logging\3.3.2.Final\jboss-logging-3.3.2.Final.jar;D:\mavenku\com\fasterxml\classmate\1.3.4\classmate-1.3.4.jar;D:\mavenku\org\springframework\spring-webmvc\5.0.10.RELEASE\spring-webmvc-5.0.10.RELEASE.jar;D:\mavenku\org\springframework\cloud\spring-cloud-netflix-hystrix-dashboard\2.0.2.RELEASE\spring-cloud-netflix-hystrix-dashboard-2.0.2.RELEASE.jar;D:\mavenku\org\springframework\boot\spring-boot-starter-freemarker\2.0.6.RELEASE\spring-boot-starter-freemarker-2.0.6.RELEASE.jar;D:\mavenku\org\freemarker\freemarker\2.3.28\freemarker-2.3.28.jar;D:\mavenku\org\apache\httpcomponents\httpclient\4.5.6\httpclient-4.5.6.jar;D:\mavenku\org\apache\httpcomponents\httpcore\4.4.10\httpcore-4.4.10.jar;D:\mavenku\org\webjars\jquery\2.1.1\jquery-2.1.1.jar;D:\mavenku\org\webjars\d3js\3.4.11\d3js-3.4.11.jar;D:\mavenku\org\springframework\boot\spring-boot-starter-data-redis\2.0.6.RELEASE\spring-boot-starter-data-redis-2.0.6.RELEASE.jar;D:\mavenku\org\springframework\data\spring-data-redis\2.0.11.RELEASE\spring-data-redis-2.0.11.RELEASE.jar;D:\mavenku\org\springframework\data\spring-data-keyvalue\2.0.11.RELEASE\spring-data-keyvalue-2.0.11.RELEASE.jar;D:\mavenku\org\springframework\data\spring-data-commons\2.0.11.RELEASE\spring-data-commons-2.0.11.RELEASE.jar;D:\mavenku\org\springframework\spring-tx\5.0.10.RELEASE\spring-tx-5.0.10.RELEASE.jar;D:\mavenku\org\springframework\spring-oxm\5.0.10.RELEASE\spring-oxm-5.0.10.RELEASE.jar;D:\mavenku\org\springframework\spring-context-support\5.0.10.RELEASE\spring-context-support-5.0.10.RELEASE.jar;D:\mavenku\io\lettuce\lettuce-core\5.0.5.RELEASE\lettuce-core-5.0.5.RELEASE.jar;D:\mavenku\io\projectreactor\reactor-core\3.1.10.RELEASE\reactor-core-3.1.10.RELEASE.jar;D:\mavenku\io\netty\netty-common\4.1.29.Final\netty-common-4.1.29.Final.jar;D:\mavenku\io\netty\netty-transport\4.1.29.Final\netty-transport-4.1.29.Final.jar;D:\mavenku\io\netty\netty-resolver\4.1.29.Final\netty-resolver-4.1.29.Final.jar;D:\mavenku\org\springframework\boot\spring-boot-starter-data-redis-reactive\2.0.6.RELEASE\spring-boot-starter-data-redis-reactive-2.0.6.RELEASE.jar;"/>
    <property name="java.vm.vendor" value="Oracle Corporation"/>
    <property name="sun.arch.data.model" value="64"/>
    <property name="user.variant" value=""/>
    <property name="java.vendor.url" value="http://java.oracle.com/"/>
    <property name="user.timezone" value=""/>
    <property name="java.vm.specification.version" value="1.8"/>
    <property name="os.name" value="Windows 10"/>
    <property name="user.country" value="CN"/>
    <property name="sun.java.launcher" value="SUN_STANDARD"/>
    <property name="sun.boot.library.path" value="D:\jdk1.8\jre\bin"/>
    <property name="sun.java.command" value="C:\Users\hy\AppData\Local\Temp\surefire2218625263845563358\surefirebooter2537387002072123411.jar C:\Users\hy\AppData\Local\Temp\surefire2218625263845563358 2021-05-23T11-59-01_683-jvmRun1 surefire124714806406615395tmp surefire_01891516620160346756tmp"/>
    <property name="surefire.test.class.path" value="D:\idea工作空间\inco-xtgl\target\test-classes;D:\idea工作空间\inco-xtgl\target\classes;D:\mavenku\com\inco\pub\0.0.1-SNAPSHOT\pub-0.0.1-SNAPSHOT.jar;D:\mavenku\org\springframework\cloud\spring-cloud-starter-netflix-eureka-server\2.0.2.RELEASE\spring-cloud-starter-netflix-eureka-server-2.0.2.RELEASE.jar;D:\mavenku\org\springframework\cloud\spring-cloud-netflix-eureka-server\2.0.2.RELEASE\spring-cloud-netflix-eureka-server-2.0.2.RELEASE.jar;D:\mavenku\com\sun\jersey\jersey-servlet\1.19.1\jersey-servlet-1.19.1.jar;D:\mavenku\com\sun\jersey\jersey-server\1.19.1\jersey-server-1.19.1.jar;D:\mavenku\javax\inject\javax.inject\1\javax.inject-1.jar;D:\mavenku\com\netflix\ribbon\ribbon-eureka\2.2.5\ribbon-eureka-2.2.5.jar;D:\mavenku\org\springframework\cloud\spring-cloud-starter-netflix-eureka-client\2.0.2.RELEASE\spring-cloud-starter-netflix-eureka-client-2.0.2.RELEASE.jar;D:\mavenku\org\springframework\cloud\spring-cloud-netflix-eureka-client\2.0.2.RELEASE\spring-cloud-netflix-eureka-client-2.0.2.RELEASE.jar;D:\mavenku\com\netflix\eureka\eureka-client\1.9.3\eureka-client-1.9.3.jar;D:\mavenku\org\codehaus\jettison\jettison\1.3.7\jettison-1.3.7.jar;D:\mavenku\stax\stax-api\1.0.1\stax-api-1.0.1.jar;D:\mavenku\com\netflix\netflix-commons\netflix-eventbus\0.3.0\netflix-eventbus-0.3.0.jar;D:\mavenku\com\netflix\netflix-commons\netflix-infix\0.3.0\netflix-infix-0.3.0.jar;D:\mavenku\commons-jxpath\commons-jxpath\1.3\commons-jxpath-1.3.jar;D:\mavenku\joda-time\joda-time\2.9.9\joda-time-2.9.9.jar;D:\mavenku\org\antlr\antlr-runtime\3.4\antlr-runtime-3.4.jar;D:\mavenku\org\antlr\stringtemplate\3.2.1\stringtemplate-3.2.1.jar;D:\mavenku\antlr\antlr\2.7.7\antlr-2.7.7.jar;D:\mavenku\com\google\code\gson\gson\2.8.5\gson-2.8.5.jar;D:\mavenku\org\apache\commons\commons-math\2.2\commons-math-2.2.jar;D:\mavenku\javax\ws\rs\jsr311-api\1.1.1\jsr311-api-1.1.1.jar;D:\mavenku\com\netflix\servo\servo-core\0.12.21\servo-core-0.12.21.jar;D:\mavenku\com\sun\jersey\jersey-core\1.19.1\jersey-core-1.19.1.jar;D:\mavenku\com\sun\jersey\jersey-client\1.19.1\jersey-client-1.19.1.jar;D:\mavenku\com\sun\jersey\contribs\jersey-apache-client4\1.19.1\jersey-apache-client4-1.19.1.jar;D:\mavenku\com\google\inject\guice\4.1.0\guice-4.1.0.jar;D:\mavenku\aopalliance\aopalliance\1.0\aopalliance-1.0.jar;D:\mavenku\com\github\vlsi\compactmap\compactmap\1.2.1\compactmap-1.2.1.jar;D:\mavenku\com\github\andrewoma\dexx\dexx-collections\0.2\dexx-collections-0.2.jar;D:\mavenku\com\netflix\eureka\eureka-core\1.9.3\eureka-core-1.9.3.jar;D:\mavenku\org\codehaus\woodstox\woodstox-core-asl\4.4.1\woodstox-core-asl-4.4.1.jar;D:\mavenku\javax\xml\stream\stax-api\1.0-2\stax-api-1.0-2.jar;D:\mavenku\com\thoughtworks\xstream\xstream\1.4.10\xstream-1.4.10.jar;D:\mavenku\xmlpull\xmlpull\1.1.3.1\xmlpull-1.1.3.1.jar;D:\mavenku\xpp3\xpp3_min\1.1.4c\xpp3_min-1.1.4c.jar;D:\mavenku\org\springframework\cloud\spring-cloud-starter-netflix-turbine\2.0.2.RELEASE\spring-cloud-starter-netflix-turbine-2.0.2.RELEASE.jar;D:\mavenku\org\springframework\cloud\spring-cloud-netflix-turbine\2.0.2.RELEASE\spring-cloud-netflix-turbine-2.0.2.RELEASE.jar;D:\mavenku\com\netflix\turbine\turbine-core\1.0.0\turbine-core-1.0.0.jar;D:\mavenku\org\codehaus\jackson\jackson-mapper-asl\1.9.2\jackson-mapper-asl-1.9.2.jar;D:\mavenku\commons-io\commons-io\2.4\commons-io-2.4.jar;D:\mavenku\org\codehaus\jackson\jackson-core-asl\1.9.2\jackson-core-asl-1.9.2.jar;D:\mavenku\org\projectlombok\lombok\1.16.22\lombok-1.16.22.jar;D:\mavenku\org\springframework\boot\spring-boot-starter-test\2.0.6.RELEASE\spring-boot-starter-test-2.0.6.RELEASE.jar;D:\mavenku\org\springframework\boot\spring-boot-starter\2.0.6.RELEASE\spring-boot-starter-2.0.6.RELEASE.jar;D:\mavenku\org\springframework\boot\spring-boot\2.0.6.RELEASE\spring-boot-2.0.6.RELEASE.jar;D:\mavenku\org\springframework\boot\spring-boot-autoconfigure\2.0.6.RELEASE\spring-boot-autoconfigure-2.0.6.RELEASE.jar;D:\mavenku\org\springframework\boot\spring-boot-starter-logging\2.0.6.RELEASE\spring-boot-starter-logging-2.0.6.RELEASE.jar;D:\mavenku\ch\qos\logback\logback-classic\1.2.3\logback-classic-1.2.3.jar;D:\mavenku\ch\qos\logback\logback-core\1.2.3\logback-core-1.2.3.jar;D:\mavenku\org\apache\logging\log4j\log4j-to-slf4j\2.10.0\log4j-to-slf4j-2.10.0.jar;D:\mavenku\org\apache\logging\log4j\log4j-api\2.10.0\log4j-api-2.10.0.jar;D:\mavenku\org\slf4j\jul-to-slf4j\1.7.25\jul-to-slf4j-1.7.25.jar;D:\mavenku\javax\annotation\javax.annotation-api\1.3.2\javax.annotation-api-1.3.2.jar;D:\mavenku\org\yaml\snakeyaml\1.19\snakeyaml-1.19.jar;D:\mavenku\org\springframework\boot\spring-boot-test\2.0.6.RELEASE\spring-boot-test-2.0.6.RELEASE.jar;D:\mavenku\org\springframework\boot\spring-boot-test-autoconfigure\2.0.6.RELEASE\spring-boot-test-autoconfigure-2.0.6.RELEASE.jar;D:\mavenku\com\jayway\jsonpath\json-path\2.4.0\json-path-2.4.0.jar;D:\mavenku\net\minidev\json-smart\2.3\json-smart-2.3.jar;D:\mavenku\net\minidev\accessors-smart\1.2\accessors-smart-1.2.jar;D:\mavenku\org\slf4j\slf4j-api\1.7.25\slf4j-api-1.7.25.jar;D:\mavenku\junit\junit\4.12\junit-4.12.jar;D:\mavenku\org\assertj\assertj-core\3.9.1\assertj-core-3.9.1.jar;D:\mavenku\org\mockito\mockito-core\2.15.0\mockito-core-2.15.0.jar;D:\mavenku\net\bytebuddy\byte-buddy\1.7.11\byte-buddy-1.7.11.jar;D:\mavenku\net\bytebuddy\byte-buddy-agent\1.7.11\byte-buddy-agent-1.7.11.jar;D:\mavenku\org\objenesis\objenesis\2.6\objenesis-2.6.jar;D:\mavenku\org\hamcrest\hamcrest-core\1.3\hamcrest-core-1.3.jar;D:\mavenku\org\hamcrest\hamcrest-library\1.3\hamcrest-library-1.3.jar;D:\mavenku\org\skyscreamer\jsonassert\1.5.0\jsonassert-1.5.0.jar;D:\mavenku\com\vaadin\external\google\android-json\0.0.20131108.vaadin1\android-json-0.0.20131108.vaadin1.jar;D:\mavenku\org\springframework\spring-core\5.0.10.RELEASE\spring-core-5.0.10.RELEASE.jar;D:\mavenku\org\springframework\spring-jcl\5.0.10.RELEASE\spring-jcl-5.0.10.RELEASE.jar;D:\mavenku\org\springframework\spring-test\5.0.10.RELEASE\spring-test-5.0.10.RELEASE.jar;D:\mavenku\org\xmlunit\xmlunit-core\2.5.1\xmlunit-core-2.5.1.jar;D:\mavenku\com\alibaba\cloud\spring-cloud-starter-alibaba-nacos-discovery\2.0.4.RELEASE\spring-cloud-starter-alibaba-nacos-discovery-2.0.4.RELEASE.jar;D:\mavenku\com\alibaba\cloud\spring-cloud-alibaba-commons\2.0.4.RELEASE\spring-cloud-alibaba-commons-2.0.4.RELEASE.jar;D:\mavenku\org\springframework\spring-context\5.0.10.RELEASE\spring-context-5.0.10.RELEASE.jar;D:\mavenku\org\springframework\spring-aop\5.0.10.RELEASE\spring-aop-5.0.10.RELEASE.jar;D:\mavenku\org\springframework\spring-beans\5.0.10.RELEASE\spring-beans-5.0.10.RELEASE.jar;D:\mavenku\org\springframework\spring-expression\5.0.10.RELEASE\spring-expression-5.0.10.RELEASE.jar;D:\mavenku\com\alibaba\nacos\nacos-client\1.3.3\nacos-client-1.3.3.jar;D:\mavenku\com\alibaba\nacos\nacos-common\1.3.3\nacos-common-1.3.3.jar;D:\mavenku\org\apache\httpcomponents\httpasyncclient\4.1.4\httpasyncclient-4.1.4.jar;D:\mavenku\org\apache\httpcomponents\httpcore-nio\4.4.10\httpcore-nio-4.4.10.jar;D:\mavenku\com\alibaba\nacos\nacos-api\1.3.3\nacos-api-1.3.3.jar;D:\mavenku\com\google\guava\guava\24.1.1-jre\guava-24.1.1-jre.jar;D:\mavenku\com\google\code\findbugs\jsr305\1.3.9\jsr305-1.3.9.jar;D:\mavenku\org\checkerframework\checker-compat-qual\2.0.0\checker-compat-qual-2.0.0.jar;D:\mavenku\com\google\errorprone\error_prone_annotations\2.1.3\error_prone_annotations-2.1.3.jar;D:\mavenku\com\google\j2objc\j2objc-annotations\1.1\j2objc-annotations-1.1.jar;D:\mavenku\org\codehaus\mojo\animal-sniffer-annotations\1.14\animal-sniffer-annotations-1.14.jar;D:\mavenku\commons-codec\commons-codec\1.11\commons-codec-1.11.jar;D:\mavenku\com\fasterxml\jackson\core\jackson-core\2.9.7\jackson-core-2.9.7.jar;D:\mavenku\com\fasterxml\jackson\core\jackson-databind\2.9.7\jackson-databind-2.9.7.jar;D:\mavenku\io\prometheus\simpleclient\0.5.0\simpleclient-0.5.0.jar;D:\mavenku\com\alibaba\spring\spring-context-support\1.0.10\spring-context-support-1.0.10.jar;D:\mavenku\org\springframework\cloud\spring-cloud-commons\2.0.2.RELEASE\spring-cloud-commons-2.0.2.RELEASE.jar;D:\mavenku\org\springframework\security\spring-security-crypto\5.0.9.RELEASE\spring-security-crypto-5.0.9.RELEASE.jar;D:\mavenku\org\springframework\cloud\spring-cloud-context\2.0.2.RELEASE\spring-cloud-context-2.0.2.RELEASE.jar;D:\mavenku\org\springframework\cloud\spring-cloud-starter-netflix-ribbon\2.0.2.RELEASE\spring-cloud-starter-netflix-ribbon-2.0.2.RELEASE.jar;D:\mavenku\com\netflix\ribbon\ribbon\2.2.5\ribbon-2.2.5.jar;D:\mavenku\com\netflix\ribbon\ribbon-transport\2.2.5\ribbon-transport-2.2.5.jar;D:\mavenku\io\reactivex\rxnetty-contexts\0.4.9\rxnetty-contexts-0.4.9.jar;D:\mavenku\io\reactivex\rxnetty-servo\0.4.9\rxnetty-servo-0.4.9.jar;D:\mavenku\io\reactivex\rxnetty\0.4.9\rxnetty-0.4.9.jar;D:\mavenku\com\netflix\ribbon\ribbon-core\2.2.5\ribbon-core-2.2.5.jar;D:\mavenku\commons-lang\commons-lang\2.6\commons-lang-2.6.jar;D:\mavenku\com\netflix\ribbon\ribbon-httpclient\2.2.5\ribbon-httpclient-2.2.5.jar;D:\mavenku\commons-collections\commons-collections\3.2.2\commons-collections-3.2.2.jar;D:\mavenku\com\netflix\netflix-commons\netflix-commons-util\0.3.0\netflix-commons-util-0.3.0.jar;D:\mavenku\com\netflix\ribbon\ribbon-loadbalancer\2.2.5\ribbon-loadbalancer-2.2.5.jar;D:\mavenku\com\netflix\netflix-commons\netflix-statistics\0.1.1\netflix-statistics-0.1.1.jar;D:\mavenku\io\reactivex\rxjava\1.3.8\rxjava-1.3.8.jar;D:\mavenku\org\junit\jupiter\junit-jupiter\5.5.2\junit-jupiter-5.5.2.jar;D:\mavenku\org\junit\jupiter\junit-jupiter-api\5.1.1\junit-jupiter-api-5.1.1.jar;D:\mavenku\org\apiguardian\apiguardian-api\1.0.0\apiguardian-api-1.0.0.jar;D:\mavenku\org\opentest4j\opentest4j\1.0.0\opentest4j-1.0.0.jar;D:\mavenku\org\junit\platform\junit-platform-commons\1.1.1\junit-platform-commons-1.1.1.jar;D:\mavenku\org\junit\jupiter\junit-jupiter-params\5.1.1\junit-jupiter-params-5.1.1.jar;D:\mavenku\org\junit\jupiter\junit-jupiter-engine\5.1.1\junit-jupiter-engine-5.1.1.jar;D:\mavenku\org\junit\platform\junit-platform-engine\1.1.1\junit-platform-engine-1.1.1.jar;D:\mavenku\org\mockito\mockito-junit-jupiter\3.1.0\mockito-junit-jupiter-3.1.0.jar;D:\mavenku\com\alibaba\cloud\spring-cloud-starter-alibaba-nacos-config\2.0.4.RELEASE\spring-cloud-starter-alibaba-nacos-config-2.0.4.RELEASE.jar;D:\mavenku\com\alibaba\cloud\spring-cloud-starter-alibaba-sentinel\2.0.4.RELEASE\spring-cloud-starter-alibaba-sentinel-2.0.4.RELEASE.jar;D:\mavenku\com\alibaba\csp\sentinel-transport-simple-http\1.8.0\sentinel-transport-simple-http-1.8.0.jar;D:\mavenku\com\alibaba\csp\sentinel-transport-common\1.8.0\sentinel-transport-common-1.8.0.jar;D:\mavenku\com\alibaba\fastjson\1.2.71\fastjson-1.2.71.jar;D:\mavenku\com\alibaba\csp\sentinel-annotation-aspectj\1.8.0\sentinel-annotation-aspectj-1.8.0.jar;D:\mavenku\com\alibaba\csp\sentinel-core\1.8.0\sentinel-core-1.8.0.jar;D:\mavenku\org\aspectj\aspectjrt\1.8.13\aspectjrt-1.8.13.jar;D:\mavenku\org\aspectj\aspectjweaver\1.8.13\aspectjweaver-1.8.13.jar;D:\mavenku\com\alibaba\csp\sentinel-spring-webflux-adapter\1.8.0\sentinel-spring-webflux-adapter-1.8.0.jar;D:\mavenku\com\alibaba\csp\sentinel-reactor-adapter\1.8.0\sentinel-reactor-adapter-1.8.0.jar;D:\mavenku\com\alibaba\csp\sentinel-spring-webmvc-adapter\1.8.0\sentinel-spring-webmvc-adapter-1.8.0.jar;D:\mavenku\com\alibaba\csp\sentinel-parameter-flow-control\1.8.0\sentinel-parameter-flow-control-1.8.0.jar;D:\mavenku\com\googlecode\concurrentlinkedhashmap\concurrentlinkedhashmap-lru\1.4.2\concurrentlinkedhashmap-lru-1.4.2.jar;D:\mavenku\com\alibaba\csp\sentinel-cluster-server-default\1.8.0\sentinel-cluster-server-default-1.8.0.jar;D:\mavenku\com\alibaba\csp\sentinel-cluster-common-default\1.8.0\sentinel-cluster-common-default-1.8.0.jar;D:\mavenku\io\netty\netty-handler\4.1.29.Final\netty-handler-4.1.29.Final.jar;D:\mavenku\io\netty\netty-buffer\4.1.29.Final\netty-buffer-4.1.29.Final.jar;D:\mavenku\io\netty\netty-codec\4.1.29.Final\netty-codec-4.1.29.Final.jar;D:\mavenku\com\alibaba\csp\sentinel-cluster-client-default\1.8.0\sentinel-cluster-client-default-1.8.0.jar;D:\mavenku\com\alibaba\cloud\spring-cloud-alibaba-sentinel-datasource\2.0.4.RELEASE\spring-cloud-alibaba-sentinel-datasource-2.0.4.RELEASE.jar;D:\mavenku\com\fasterxml\jackson\dataformat\jackson-dataformat-xml\2.9.7\jackson-dataformat-xml-2.9.7.jar;D:\mavenku\com\fasterxml\jackson\core\jackson-annotations\2.9.0\jackson-annotations-2.9.0.jar;D:\mavenku\com\fasterxml\jackson\module\jackson-module-jaxb-annotations\2.9.7\jackson-module-jaxb-annotations-2.9.7.jar;D:\mavenku\org\codehaus\woodstox\stax2-api\3.1.4\stax2-api-3.1.4.jar;D:\mavenku\com\fasterxml\woodstox\woodstox-core\5.0.3\woodstox-core-5.0.3.jar;D:\mavenku\com\alibaba\csp\sentinel-datasource-nacos\1.8.0\sentinel-datasource-nacos-1.8.0.jar;D:\mavenku\com\alibaba\csp\sentinel-datasource-extension\1.8.0\sentinel-datasource-extension-1.8.0.jar;D:\mavenku\org\springframework\boot\spring-boot-starter-actuator\2.0.6.RELEASE\spring-boot-starter-actuator-2.0.6.RELEASE.jar;D:\mavenku\org\springframework\boot\spring-boot-actuator-autoconfigure\2.0.6.RELEASE\spring-boot-actuator-autoconfigure-2.0.6.RELEASE.jar;D:\mavenku\org\springframework\boot\spring-boot-actuator\2.0.6.RELEASE\spring-boot-actuator-2.0.6.RELEASE.jar;D:\mavenku\com\fasterxml\jackson\datatype\jackson-datatype-jsr310\2.9.7\jackson-datatype-jsr310-2.9.7.jar;D:\mavenku\io\micrometer\micrometer-core\1.0.7\micrometer-core-1.0.7.jar;D:\mavenku\org\hdrhistogram\HdrHistogram\2.1.10\HdrHistogram-2.1.10.jar;D:\mavenku\org\latencyutils\LatencyUtils\2.0.3\LatencyUtils-2.0.3.jar;D:\mavenku\org\springframework\cloud\spring-cloud-starter-openfeign\2.0.2.RELEASE\spring-cloud-starter-openfeign-2.0.2.RELEASE.jar;D:\mavenku\org\springframework\cloud\spring-cloud-starter\2.0.2.RELEASE\spring-cloud-starter-2.0.2.RELEASE.jar;D:\mavenku\org\springframework\security\spring-security-rsa\1.0.7.RELEASE\spring-security-rsa-1.0.7.RELEASE.jar;D:\mavenku\org\bouncycastle\bcpkix-jdk15on\1.60\bcpkix-jdk15on-1.60.jar;D:\mavenku\org\bouncycastle\bcprov-jdk15on\1.60\bcprov-jdk15on-1.60.jar;D:\mavenku\org\springframework\cloud\spring-cloud-openfeign-core\2.0.2.RELEASE\spring-cloud-openfeign-core-2.0.2.RELEASE.jar;D:\mavenku\org\springframework\boot\spring-boot-starter-aop\2.0.6.RELEASE\spring-boot-starter-aop-2.0.6.RELEASE.jar;D:\mavenku\io\github\openfeign\form\feign-form-spring\3.3.0\feign-form-spring-3.3.0.jar;D:\mavenku\io\github\openfeign\form\feign-form\3.3.0\feign-form-3.3.0.jar;D:\mavenku\com\google\code\findbugs\annotations\3.0.1\annotations-3.0.1.jar;D:\mavenku\net\jcip\jcip-annotations\1.0\jcip-annotations-1.0.jar;D:\mavenku\commons-fileupload\commons-fileupload\1.3.3\commons-fileupload-1.3.3.jar;D:\mavenku\org\springframework\spring-web\5.0.10.RELEASE\spring-web-5.0.10.RELEASE.jar;D:\mavenku\io\github\openfeign\feign-core\9.7.0\feign-core-9.7.0.jar;D:\mavenku\io\github\openfeign\feign-slf4j\9.7.0\feign-slf4j-9.7.0.jar;D:\mavenku\io\github\openfeign\feign-hystrix\9.7.0\feign-hystrix-9.7.0.jar;D:\mavenku\com\netflix\archaius\archaius-core\0.7.6\archaius-core-0.7.6.jar;D:\mavenku\io\github\openfeign\feign-java8\9.7.0\feign-java8-9.7.0.jar;D:\mavenku\org\springframework\cloud\spring-cloud-starter-netflix-hystrix\2.0.2.RELEASE\spring-cloud-starter-netflix-hystrix-2.0.2.RELEASE.jar;D:\mavenku\org\springframework\cloud\spring-cloud-netflix-core\2.0.2.RELEASE\spring-cloud-netflix-core-2.0.2.RELEASE.jar;D:\mavenku\org\springframework\cloud\spring-cloud-netflix-ribbon\2.0.2.RELEASE\spring-cloud-netflix-ribbon-2.0.2.RELEASE.jar;D:\mavenku\org\springframework\cloud\spring-cloud-netflix-archaius\2.0.2.RELEASE\spring-cloud-netflix-archaius-2.0.2.RELEASE.jar;D:\mavenku\org\springframework\cloud\spring-cloud-starter-netflix-archaius\2.0.2.RELEASE\spring-cloud-starter-netflix-archaius-2.0.2.RELEASE.jar;D:\mavenku\commons-configuration\commons-configuration\1.8\commons-configuration-1.8.jar;D:\mavenku\com\netflix\hystrix\hystrix-core\1.5.12\hystrix-core-1.5.12.jar;D:\mavenku\com\netflix\hystrix\hystrix-serialization\1.5.12\hystrix-serialization-1.5.12.jar;D:\mavenku\com\fasterxml\jackson\module\jackson-module-afterburner\2.9.7\jackson-module-afterburner-2.9.7.jar;D:\mavenku\com\netflix\hystrix\hystrix-metrics-event-stream\1.5.12\hystrix-metrics-event-stream-1.5.12.jar;D:\mavenku\com\netflix\hystrix\hystrix-javanica\1.5.12\hystrix-javanica-1.5.12.jar;D:\mavenku\org\apache\commons\commons-lang3\3.7\commons-lang3-3.7.jar;D:\mavenku\org\ow2\asm\asm\5.0.4\asm-5.0.4.jar;D:\mavenku\io\reactivex\rxjava-reactive-streams\1.2.1\rxjava-reactive-streams-1.2.1.jar;D:\mavenku\org\reactivestreams\reactive-streams\1.0.2\reactive-streams-1.0.2.jar;D:\mavenku\org\springframework\cloud\spring-cloud-starter-netflix-hystrix-dashboard\2.0.2.RELEASE\spring-cloud-starter-netflix-hystrix-dashboard-2.0.2.RELEASE.jar;D:\mavenku\org\springframework\boot\spring-boot-starter-web\2.0.6.RELEASE\spring-boot-starter-web-2.0.6.RELEASE.jar;D:\mavenku\org\springframework\boot\spring-boot-starter-json\2.0.6.RELEASE\spring-boot-starter-json-2.0.6.RELEASE.jar;D:\mavenku\com\fasterxml\jackson\datatype\jackson-datatype-jdk8\2.9.7\jackson-datatype-jdk8-2.9.7.jar;D:\mavenku\com\fasterxml\jackson\module\jackson-module-parameter-names\2.9.7\jackson-module-parameter-names-2.9.7.jar;D:\mavenku\org\springframework\boot\spring-boot-starter-tomcat\2.0.6.RELEASE\spring-boot-starter-tomcat-2.0.6.RELEASE.jar;D:\mavenku\org\apache\tomcat\embed\tomcat-embed-core\8.5.34\tomcat-embed-core-8.5.34.jar;D:\mavenku\org\apache\tomcat\embed\tomcat-embed-el\8.5.34\tomcat-embed-el-8.5.34.jar;D:\mavenku\org\apache\tomcat\embed\tomcat-embed-websocket\8.5.34\tomcat-embed-websocket-8.5.34.jar;D:\mavenku\org\hibernate\validator\hibernate-validator\6.0.13.Final\hibernate-validator-6.0.13.Final.jar;D:\mavenku\javax\validation\validation-api\2.0.1.Final\validation-api-2.0.1.Final.jar;D:\mavenku\org\jboss\logging\jboss-logging\3.3.2.Final\jboss-logging-3.3.2.Final.jar;D:\mavenku\com\fasterxml\classmate\1.3.4\classmate-1.3.4.jar;D:\mavenku\org\springframework\spring-webmvc\5.0.10.RELEASE\spring-webmvc-5.0.10.RELEASE.jar;D:\mavenku\org\springframework\cloud\spring-cloud-netflix-hystrix-dashboard\2.0.2.RELEASE\spring-cloud-netflix-hystrix-dashboard-2.0.2.RELEASE.jar;D:\mavenku\org\springframework\boot\spring-boot-starter-freemarker\2.0.6.RELEASE\spring-boot-starter-freemarker-2.0.6.RELEASE.jar;D:\mavenku\org\freemarker\freemarker\2.3.28\freemarker-2.3.28.jar;D:\mavenku\org\apache\httpcomponents\httpclient\4.5.6\httpclient-4.5.6.jar;D:\mavenku\org\apache\httpcomponents\httpcore\4.4.10\httpcore-4.4.10.jar;D:\mavenku\org\webjars\jquery\2.1.1\jquery-2.1.1.jar;D:\mavenku\org\webjars\d3js\3.4.11\d3js-3.4.11.jar;D:\mavenku\org\springframework\boot\spring-boot-starter-data-redis\2.0.6.RELEASE\spring-boot-starter-data-redis-2.0.6.RELEASE.jar;D:\mavenku\org\springframework\data\spring-data-redis\2.0.11.RELEASE\spring-data-redis-2.0.11.RELEASE.jar;D:\mavenku\org\springframework\data\spring-data-keyvalue\2.0.11.RELEASE\spring-data-keyvalue-2.0.11.RELEASE.jar;D:\mavenku\org\springframework\data\spring-data-commons\2.0.11.RELEASE\spring-data-commons-2.0.11.RELEASE.jar;D:\mavenku\org\springframework\spring-tx\5.0.10.RELEASE\spring-tx-5.0.10.RELEASE.jar;D:\mavenku\org\springframework\spring-oxm\5.0.10.RELEASE\spring-oxm-5.0.10.RELEASE.jar;D:\mavenku\org\springframework\spring-context-support\5.0.10.RELEASE\spring-context-support-5.0.10.RELEASE.jar;D:\mavenku\io\lettuce\lettuce-core\5.0.5.RELEASE\lettuce-core-5.0.5.RELEASE.jar;D:\mavenku\io\projectreactor\reactor-core\3.1.10.RELEASE\reactor-core-3.1.10.RELEASE.jar;D:\mavenku\io\netty\netty-common\4.1.29.Final\netty-common-4.1.29.Final.jar;D:\mavenku\io\netty\netty-transport\4.1.29.Final\netty-transport-4.1.29.Final.jar;D:\mavenku\io\netty\netty-resolver\4.1.29.Final\netty-resolver-4.1.29.Final.jar;D:\mavenku\org\springframework\boot\spring-boot-starter-data-redis-reactive\2.0.6.RELEASE\spring-boot-starter-data-redis-reactive-2.0.6.RELEASE.jar;"/>
    <property name="sun.cpu.endian" value="little"/>
    <property name="user.home" value="C:\Users\hy"/>
    <property name="user.language" value="zh"/>
    <property name="java.specification.vendor" value="Oracle Corporation"/>
    <property name="java.home" value="D:\jdk1.8\jre"/>
    <property name="basedir" value="D:\idea工作空间\inco-xtgl"/>
    <property name="file.separator" value="\"/>
    <property name="line.separator" value="&#10;"/>
    <property name="java.vm.specification.vendor" value="Oracle Corporation"/>
    <property name="java.specification.name" value="Java Platform API Specification"/>
    <property name="java.awt.graphicsenv" value="sun.awt.Win32GraphicsEnvironment"/>
    <property name="surefire.real.class.path" value="C:\Users\hy\AppData\Local\Temp\surefire2218625263845563358\surefirebooter2537387002072123411.jar"/>
    <property name="sun.boot.class.path" value="D:\jdk1.8\jre\lib\resources.jar;D:\jdk1.8\jre\lib\rt.jar;D:\jdk1.8\jre\lib\sunrsasign.jar;D:\jdk1.8\jre\lib\jsse.jar;D:\jdk1.8\jre\lib\jce.jar;D:\jdk1.8\jre\lib\charsets.jar;D:\jdk1.8\jre\lib\jfr.jar;D:\jdk1.8\jre\classes"/>
    <property name="user.script" value=""/>
    <property name="sun.management.compiler" value="HotSpot 64-Bit Tiered Compilers"/>
    <property name="java.runtime.version" value="1.8.0_101-b13"/>
    <property name="user.name" value="hy"/>
    <property name="path.separator" value=";"/>
    <property name="os.version" value="10.0"/>
    <property name="java.endorsed.dirs" value="D:\jdk1.8\jre\lib\endorsed"/>
    <property name="java.runtime.name" value="Java(TM) SE Runtime Environment"/>
    <property name="file.encoding" value="GBK"/>
    <property name="java.vm.name" value="Java HotSpot(TM) 64-Bit Server VM"/>
    <property name="localRepository" value="D:\mavenku"/>
    <property name="java.vendor.url.bug" value="http://bugreport.sun.com/bugreport/"/>
    <property name="java.io.tmpdir" value="C:\Users\hy\AppData\Local\Temp\"/>
    <property name="idea.version" value="2021.1.1"/>
    <property name="java.version" value="1.8.0_101"/>
    <property name="user.dir" value="D:\idea工作空间\inco-xtgl"/>
    <property name="os.arch" value="amd64"/>
    <property name="java.vm.specification.name" value="Java Virtual Machine Specification"/>
    <property name="java.awt.printerjob" value="sun.awt.windows.WPrinterJob"/>
    <property name="sun.os.patch.level" value=""/>
    <property name="java.library.path" value="D:\jdk1.8\jre\bin;C:\Windows\Sun\Java\bin;C:\Windows\system32;C:\Windows;D:\oracle11G\product\11.2.0\dbhome_1\bin;C:\ProgramData\Oracle\Java\javapath;C:\Windows\system32;C:\Windows;C:\Windows\System32\Wbem;C:\Windows\System32\WindowsPowerShell\v1.0\;C:\Windows\System32\OpenSSH\;d:\jdk1.8\bin;d:\jdk1.8\jre\bin;d:\maven\bin;C:\Program Files\MySQL\MySQL Server 5.5\bin;C:\Users\hy\AppData\Local\Microsoft\WindowsApps;C:\Users\hy\AppData\Local\GitHubDesktop\bin;."/>
    <property name="java.vm.info" value="mixed mode"/>
    <property name="java.vendor" value="Oracle Corporation"/>
    <property name="java.vm.version" value="25.101-b13"/>
    <property name="java.ext.dirs" value="D:\jdk1.8\jre\lib\ext;C:\Windows\Sun\Java\lib\ext"/>
    <property name="sun.io.unicode.encoding" value="UnicodeLittle"/>
    <property name="maven.repo.local" value="D:\mavenku"/>
    <property name="java.class.version" value="52.0"/>
  </properties>
  <testcase name="initializationError" classname="com.inco.xtgl.IncoXtglApplicationTests" time="0.007">
    <error message="The class com.inco.xtgl.IncoXtglApplicationTests is not public." type="java.lang.Exception">java.lang.Exception: The class com.inco.xtgl.IncoXtglApplicationTests is not public.
</error>
  </testcase>
  <testcase name="initializationError" classname="com.inco.xtgl.IncoXtglApplicationTests" time="0">
    <error message="Test class should have exactly one public constructor" type="java.lang.Exception">java.lang.Exception: Test class should have exactly one public constructor
</error>
  </testcase>
  <testcase name="initializationError" classname="com.inco.xtgl.IncoXtglApplicationTests" time="0">
    <error message="Method contextLoads() should be public" type="java.lang.Exception">java.lang.Exception: Method contextLoads() should be public
</error>
  </testcase>
</testsuite>